############################################################################################
### 开始时间:2021-01-06 11:06:08 ###
############################################################################################

[36m************CPU信息*************[0m
top - 11:06:08 up 7 days, 22:33,  0 users,  load average: 0.14, 0.08, 0.06
Tasks:  84 total,   1 running,  83 sleeping,   0 stopped,   0 zombie
%Cpu(s):  6.7 us,  0.0 sy,  0.0 ni, 93.3 id,  0.0 wa,  0.0 hi,  0.0 si,  0.0 st
KiB Mem :  1882232 total,   537116 free,   529600 used,   815516 buff/cache
KiB Swap:        0 total,        0 free,        0 used.  1178304 avail Mem 

  PID USER      PR  NI    VIRT    RES    SHR S %CPU %MEM     TIME+ COMMAND
    1 root      20   0  125456   3432   2064 S  0.0  0.2   0:25.02 systemd
    2 root      20   0       0      0      0 S  0.0  0.0   0:00.00 kthreadd
    3 root      20   0       0      0      0 S  0.0  0.0   0:19.04 ksoftirqd/0
    5 root       0 -20       0      0      0 S  0.0  0.0   0:00.00 kworker/0:0H
    7 root      rt   0       0      0      0 S  0.0  0.0   0:00.00 migration/0
    8 root      20   0       0      0      0 S  0.0  0.0   0:00.00 rcu_bh
    9 root      20   0       0      0      0 S  0.0  0.0   1:07.77 rcu_sched
   10 root       0 -20       0      0      0 S  0.0  0.0   0:00.00 lru-add-drain
   11 root      rt   0       0      0      0 S  0.0  0.0   0:03.31 watchdog/0
   13 root      20   0       0      0      0 S  0.0  0.0   0:00.00 kdevtmpfs
   14 root       0 -20       0      0      0 S  0.0  0.0   0:00.00 netns
   15 root      20   0       0      0      0 S  0.0  0.0   0:00.22 khungtaskd
   16 root       0 -20       0      0      0 S  0.0  0.0   0:00.00 writeback
   17 root       0 -20       0      0      0 S  0.0  0.0   0:00.00 kintegrityd
   18 root       0 -20       0      0      0 S  0.0  0.0   0:00.00 bioset
   19 root       0 -20       0      0      0 S  0.0  0.0   0:00.00 bioset
   20 root       0 -20       0      0      0 S  0.0  0.0   0:00.00 bioset
   21 root       0 -20       0      0      0 S  0.0  0.0   0:00.00 kblockd
   22 root       0 -20       0      0      0 S  0.0  0.0   0:00.00 md
   23 root       0 -20       0      0      0 S  0.0  0.0   0:00.00 edac-poller
   24 root       0 -20       0      0      0 S  0.0  0.0   0:00.00 watchdogd
   30 root      20   0       0      0      0 S  0.0  0.0   0:03.03 kswapd0
   31 root      25   5       0      0      0 S  0.0  0.0   0:00.00 ksmd

[36m************CPU占用TOP 10进程*************[0m
用户     进程ID  %CPU  命令
root     16221   2.3   /root/.vscode-server/bin/ea3859d4ba2f3e577a159bc91e3074c5d85c0523/node
root     15970   1.1   /root/.vscode-server/bin/ea3859d4ba2f3e577a159bc91e3074c5d85c0523/node
root     16232   0.9   /root/.vscode-server/bin/ea3859d4ba2f3e577a159bc91e3074c5d85c0523/node
root     932     0.8   /usr/local/aegis/aegis_client/aegis_10_89/AliYunDun
root     16482   0.1   /root/.vscode-server/bin/ea3859d4ba2f3e577a159bc91e3074c5d85c0523/node
root     581     0.1   CmsGoAgent-Worker
chrony   22119   0.0   /usr/sbin/chronyd
dbus     516     0.0   /usr/bin/dbus-daemon
mysql    30306   0.0   /usr/local/mysql/bin/mysqld
polkitd  22298   0.0   /usr/lib/polkit-1/polkitd

[36m************内存占用TOP 10进程*************[0m
用户   进程ID  %MEM  虚拟内存  常驻内存  命令
mysql  30306   9.2   1142604   174000    /usr/local/mysql/bin/mysqld
root   16221   4.5   929340    86256     /root/.vscode-server/bin/ea3859d4ba2f3e577a159bc91e3074c5d85c0523/node
root   15970   3.1   927880    58764     /root/.vscode-server/bin/ea3859d4ba2f3e577a159bc91e3074c5d85c0523/node
root   27420   2.6   659156    50744     /usr/bin/dockerd
root   16232   2.2   826336    42520     /root/.vscode-server/bin/ea3859d4ba2f3e577a159bc91e3074c5d85c0523/node
root   932     1.6   155392    31992     /usr/local/aegis/aegis_client/aegis_10_89/AliYunDun
root   27409   1.2   576864    23048     /usr/bin/containerd
root   581     1.1   678660    20772     CmsGoAgent-Worker
root   16482   0.9   564144    17516     /root/.vscode-server/bin/ea3859d4ba2f3e577a159bc91e3074c5d85c0523/node
root   22313   0.7   574284    14116     /usr/bin/python2

[36m##############内存信息:##############[0m
              total        used        free      shared  buff/cache   available
Mem:           1838         517         523           0         797        1150
Swap:             0           0           0

[36m##############TCP连结数:##############[0m
TCP数量: 5
UDP数量: 2

[36m##############查看挂载点##############[0m
Filesystem      Size  Used Avail Use% Mounted on
devtmpfs        909M     0  909M   0% /dev
tmpfs           920M     0  920M   0% /dev/shm
tmpfs           920M  512K  919M   1% /run
tmpfs           920M     0  920M   0% /sys/fs/cgroup
/dev/vda1        40G  8.1G   30G  22% /
tmpfs           184M     0  184M   0% /run/user/0

[36m##############读取磁盘IO信息:##############[0m
procs -----------memory---------- ---swap-- -----io---- -system-- ------cpu-----
 r  b   swpd   free  inact active   si   so    bi    bo   in   cs us sy id wa st
 5  0      0    549    205   1008    0    0     6    17    1   41  1  1 99  0  0
 0  0      0    549    205   1008    0    0     0     0  842 1703  2  0 98  0  0

[33m************************检查网络稳定性**********************************[0m
[36m##############检查公共网络192.168.168.21/22##############[0m
2021-01-06 11:06:12
2021-01-06 11:06:12
2021-01-06 11:06:12

[36m###############检查私有网络10.1.1.1/2##############[0m
2021-01-06 11:06:12
2021-01-06 11:06:12
2021-01-06 11:06:12

[36m##############读取网卡流量信息:##############[0m
Linux 3.10.0-957.21.3.el7.x86_64 (aliyun) 	01/06/2021 	_x86_64_	(1 CPU)

11:06:12 AM     IFACE   rxpck/s   txpck/s    rxkB/s    txkB/s   rxcmp/s   txcmp/s  rxmcst/s
11:06:13 AM      eth0     16.49     13.40      1.54     11.93      0.00      0.00      0.00
11:06:13 AM        lo      5.15      5.15      0.65      0.65      0.00      0.00      0.00
11:06:13 AM   docker0      0.00      0.00      0.00      0.00      0.00      0.00      0.00

Average:        IFACE   rxpck/s   txpck/s    rxkB/s    txkB/s   rxcmp/s   txcmp/s  rxmcst/s
Average:         eth0     16.49     13.40      1.54     11.93      0.00      0.00      0.00
Average:           lo      5.15      5.15      0.65      0.65      0.00      0.00      0.00
Average:      docker0      0.00      0.00      0.00      0.00      0.00      0.00      0.00

[36m##############TOMCAT的进程号:##############[0m
 结束时间:2021-01-06 11:06:13

############################################################################################
### 开始时间:2021-01-06 11:06:43 ###
############################################################################################

[36m************CPU信息*************[0m
top - 11:06:43 up 7 days, 22:34,  0 users,  load average: 0.51, 0.18, 0.10
Tasks:  84 total,   1 running,  83 sleeping,   0 stopped,   0 zombie
%Cpu(s):  0.0 us,  0.0 sy,  0.0 ni,100.0 id,  0.0 wa,  0.0 hi,  0.0 si,  0.0 st
KiB Mem :  1882232 total,   535524 free,   529716 used,   816992 buff/cache
KiB Swap:        0 total,        0 free,        0 used.  1178248 avail Mem 

  PID USER      PR  NI    VIRT    RES    SHR S %CPU %MEM     TIME+ COMMAND
  932 root      10 -10  155392  31992   5868 S  6.2  1.7  96:38.92 AliYunDun
    1 root      20   0  125456   3432   2064 S  0.0  0.2   0:25.03 systemd
    2 root      20   0       0      0      0 S  0.0  0.0   0:00.00 kthreadd
    3 root      20   0       0      0      0 S  0.0  0.0   0:19.04 ksoftirqd/0
    5 root       0 -20       0      0      0 S  0.0  0.0   0:00.00 kworker/0:0H
    7 root      rt   0       0      0      0 S  0.0  0.0   0:00.00 migration/0
    8 root      20   0       0      0      0 S  0.0  0.0   0:00.00 rcu_bh
    9 root      20   0       0      0      0 S  0.0  0.0   1:07.78 rcu_sched
   10 root       0 -20       0      0      0 S  0.0  0.0   0:00.00 lru-add-drain
   11 root      rt   0       0      0      0 S  0.0  0.0   0:03.31 watchdog/0
   13 root      20   0       0      0      0 S  0.0  0.0   0:00.00 kdevtmpfs
   14 root       0 -20       0      0      0 S  0.0  0.0   0:00.00 netns
   15 root      20   0       0      0      0 S  0.0  0.0   0:00.22 khungtaskd
   16 root       0 -20       0      0      0 S  0.0  0.0   0:00.00 writeback
   17 root       0 -20       0      0      0 S  0.0  0.0   0:00.00 kintegrityd
   18 root       0 -20       0      0      0 S  0.0  0.0   0:00.00 bioset
   19 root       0 -20       0      0      0 S  0.0  0.0   0:00.00 bioset
   20 root       0 -20       0      0      0 S  0.0  0.0   0:00.00 bioset
   21 root       0 -20       0      0      0 S  0.0  0.0   0:00.00 kblockd
   22 root       0 -20       0      0      0 S  0.0  0.0   0:00.00 md
   23 root       0 -20       0      0      0 S  0.0  0.0   0:00.00 edac-poller
   24 root       0 -20       0      0      0 S  0.0  0.0   0:00.00 watchdogd
   30 root      20   0       0      0      0 S  0.0  0.0   0:03.03 kswapd0

[36m************CPU占用TOP 10进程*************[0m
用户     进程ID  %CPU  命令
root     16221   2.3   /root/.vscode-server/bin/ea3859d4ba2f3e577a159bc91e3074c5d85c0523/node
root     15970   1.0   /root/.vscode-server/bin/ea3859d4ba2f3e577a159bc91e3074c5d85c0523/node
root     16232   0.8   /root/.vscode-server/bin/ea3859d4ba2f3e577a159bc91e3074c5d85c0523/node
root     932     0.8   /usr/local/aegis/aegis_client/aegis_10_89/AliYunDun
root     581     0.1   CmsGoAgent-Worker
chrony   22119   0.0   /usr/sbin/chronyd
dbus     516     0.0   /usr/bin/dbus-daemon
mysql    30306   0.0   /usr/local/mysql/bin/mysqld
polkitd  22298   0.0   /usr/lib/polkit-1/polkitd
root     10      0.0   [lru-add-drain]

[36m************内存占用TOP 10进程*************[0m
用户   进程ID  %MEM  虚拟内存  常驻内存  命令
mysql  30306   9.2   1142604   174000    /usr/local/mysql/bin/mysqld
root   16221   4.5   929340    85932     /root/.vscode-server/bin/ea3859d4ba2f3e577a159bc91e3074c5d85c0523/node
root   15970   3.1   927880    59704     /root/.vscode-server/bin/ea3859d4ba2f3e577a159bc91e3074c5d85c0523/node
root   27420   2.6   659156    50744     /usr/bin/dockerd
root   16232   2.2   826336    41876     /root/.vscode-server/bin/ea3859d4ba2f3e577a159bc91e3074c5d85c0523/node
root   932     1.6   155392    31992     /usr/local/aegis/aegis_client/aegis_10_89/AliYunDun
root   27409   1.2   576864    23048     /usr/bin/containerd
root   581     1.1   678660    20772     CmsGoAgent-Worker
root   16482   0.9   564144    17516     /root/.vscode-server/bin/ea3859d4ba2f3e577a159bc91e3074c5d85c0523/node
root   22313   0.7   574284    14116     /usr/bin/python2

[36m##############内存信息:##############[0m
              total        used        free      shared  buff/cache   available
Mem:           1838         515         524           0         797        1152
Swap:             0           0           0

[36m##############TCP连结数:##############[0m
TCP数量: 7
UDP数量: 2

[36m##############查看挂载点##############[0m
Filesystem      Size  Used Avail Use% Mounted on
devtmpfs        909M     0  909M   0% /dev
tmpfs           920M     0  920M   0% /dev/shm
tmpfs           920M  512K  919M   1% /run
tmpfs           920M     0  920M   0% /sys/fs/cgroup
/dev/vda1        40G  8.1G   30G  22% /
tmpfs           184M     0  184M   0% /run/user/0

[36m##############读取磁盘IO信息:##############[0m
procs -----------memory---------- ---swap-- -----io---- -system-- ------cpu-----
 r  b   swpd   free  inact active   si   so    bi    bo   in   cs us sy id wa st
 3  0      0    549    205   1009    0    0     6    17    1   41  1  1 99  0  0
 0  0      0    548    205   1010    0    0     0     0  955 1814  7  4 89  0  0

[33m************************检查网络稳定性**********************************[0m
[36m##############检查公共网络192.168.168.21/22##############[0m
2021-01-06 11:06:47
2021-01-06 11:06:47
2021-01-06 11:06:47

[36m###############检查私有网络10.1.1.1/2##############[0m
2021-01-06 11:06:47
2021-01-06 11:06:47
2021-01-06 11:06:47

[36m##############读取网卡流量信息:##############[0m
Linux 3.10.0-957.21.3.el7.x86_64 (aliyun) 	01/06/2021 	_x86_64_	(1 CPU)

11:06:47 AM     IFACE   rxpck/s   txpck/s    rxkB/s    txkB/s   rxcmp/s   txcmp/s  rxmcst/s
11:06:48 AM      eth0     12.00      6.00      1.94      0.96      0.00      0.00      0.00
11:06:48 AM        lo     11.00     11.00      1.88      1.88      0.00      0.00      0.00
11:06:48 AM   docker0      0.00      0.00      0.00      0.00      0.00      0.00      0.00

Average:        IFACE   rxpck/s   txpck/s    rxkB/s    txkB/s   rxcmp/s   txcmp/s  rxmcst/s
Average:         eth0     12.00      6.00      1.94      0.96      0.00      0.00      0.00
Average:           lo     11.00     11.00      1.88      1.88      0.00      0.00      0.00
Average:      docker0      0.00      0.00      0.00      0.00      0.00      0.00      0.00

[36m##############TOMCAT的进程号:##############[0m
 结束时间:2021-01-06 11:06:48

