############################################################################################
### 开始时间:2021-01-08 08:00:01 ###
############################################################################################

[36m************CPU信息*************[0m
top - 08:00:02 up 9 days, 19:27,  0 users,  load average: 0.00, 0.01, 0.05
Tasks:  77 total,   2 running,  75 sleeping,   0 stopped,   0 zombie
%Cpu(s):  0.0 us,  0.0 sy,  0.0 ni,100.0 id,  0.0 wa,  0.0 hi,  0.0 si,  0.0 st
KiB Mem :  1882232 total,   968356 free,   374488 used,   539388 buff/cache
KiB Swap:        0 total,        0 free,        0 used.  1351796 avail Mem 

  PID USER      PR  NI    VIRT    RES    SHR S %CPU %MEM     TIME+ COMMAND
  932 root      10 -10  158788  35440   5912 S  6.7  1.9 122:26.51 AliYunDun
    1 root      20   0  125456   3312   1944 S  0.0  0.2   0:49.82 systemd
    2 root      20   0       0      0      0 S  0.0  0.0   0:00.00 kthreadd
    3 root      20   0       0      0      0 S  0.0  0.0   0:23.86 ksoftirqd/0
    5 root       0 -20       0      0      0 S  0.0  0.0   0:00.00 kworker/0:0H
    7 root      rt   0       0      0      0 S  0.0  0.0   0:00.00 migration/0
    8 root      20   0       0      0      0 S  0.0  0.0   0:00.00 rcu_bh
    9 root      20   0       0      0      0 R  0.0  0.0   1:27.99 rcu_sched
   10 root       0 -20       0      0      0 S  0.0  0.0   0:00.00 lru-add-dra+
   11 root      rt   0       0      0      0 S  0.0  0.0   0:04.07 watchdog/0
   13 root      20   0       0      0      0 S  0.0  0.0   0:00.00 kdevtmpfs
   14 root       0 -20       0      0      0 S  0.0  0.0   0:00.00 netns
   15 root      20   0       0      0      0 S  0.0  0.0   0:00.27 khungtaskd
   16 root       0 -20       0      0      0 S  0.0  0.0   0:00.00 writeback
   17 root       0 -20       0      0      0 S  0.0  0.0   0:00.00 kintegrityd
   18 root       0 -20       0      0      0 S  0.0  0.0   0:00.00 bioset
   19 root       0 -20       0      0      0 S  0.0  0.0   0:00.00 bioset
   20 root       0 -20       0      0      0 S  0.0  0.0   0:00.00 bioset
   21 root       0 -20       0      0      0 S  0.0  0.0   0:00.00 kblockd
   22 root       0 -20       0      0      0 S  0.0  0.0   0:00.00 md
   23 root       0 -20       0      0      0 S  0.0  0.0   0:00.00 edac-poller
   24 root       0 -20       0      0      0 S  0.0  0.0   0:00.00 watchdogd
   30 root      20   0       0      0      0 S  0.0  0.0   0:04.06 kswapd0

[36m************CPU占用TOP 10进程*************[0m
用户     进程ID  %CPU  命令
root     932     0.8   /usr/local/aegis/aegis_client/aegis_10_89/AliYunDun
root     581     0.1   CmsGoAgent-Worker
chrony   22119   0.0   /usr/sbin/chronyd
dbus     516     0.0   /usr/bin/dbus-daemon
mysql    30306   0.0   /usr/local/mysql/bin/mysqld
nobody   9759    0.0   nginx:
polkitd  22298   0.0   /usr/lib/polkit-1/polkitd
root     10      0.0   [lru-add-drain]
root     1       0.0   /usr/lib/systemd/systemd
root     11      0.0   [watchdog/0]

[36m************内存占用TOP 10进程*************[0m
用户     进程ID  %MEM  虚拟内存  常驻内存  命令
mysql    30306   8.7   1142604   164248    /usr/local/mysql/bin/mysqld
root     27420   2.3   659156    44448     /usr/bin/dockerd
root     932     1.8   158788    35440     /usr/local/aegis/aegis_client/aegis_10_89/AliYunDun
root     27409   1.1   576864    21432     /usr/bin/containerd
root     581     1.0   678660    20572     CmsGoAgent-Worker
root     22313   0.6   574284    12920     /usr/bin/python2
root     351     0.4   71904     9288      /usr/lib/systemd/systemd-journald
root     512     0.4   291668    8792      /usr/local/cloudmonitor/CmsGoAgent.linux-amd64
polkitd  22298   0.2   612336    5268      /usr/lib/polkit-1/polkitd
root     1       0.1   125456    3312      /usr/lib/systemd/systemd

[36m##############内存信息:##############[0m
              total        used        free      shared  buff/cache   available
Mem:           1838         365         946           0         526        1320
Swap:             0           0           0

[36m##############TCP连结数:##############[0m
TCP数量: 2
UDP数量: 2

[36m##############查看挂载点##############[0m
Filesystem      Size  Used Avail Use% Mounted on
devtmpfs        909M     0  909M   0% /dev
tmpfs           920M     0  920M   0% /dev/shm
tmpfs           920M  512K  919M   1% /run
tmpfs           920M     0  920M   0% /sys/fs/cgroup
/dev/vda1        40G  8.1G   30G  22% /
tmpfs           184M     0  184M   0% /run/user/0

[36m##############读取磁盘IO信息:##############[0m
procs -----------memory---------- ---swap-- -----io---- -system-- ------cpu-----
 r  b   swpd   free  inact active   si   so    bi    bo   in   cs us sy id wa st
 2  0      0    992    284    531    0    0     6    19    4    7  1  1 99  0  0
 0  0      0    992    284    532    0    0     0     0  335  694  1  0 99  0  0

[36m##############读取网卡流量信息:##############[0m
Linux 3.10.0-957.21.3.el7.x86_64 (aliyun) 	01/08/2021 	_x86_64_	(1 CPU)

08:00:06 AM     IFACE   rxpck/s   txpck/s    rxkB/s    txkB/s   rxcmp/s   txcmp/s  rxmcst/s
08:00:07 AM      eth0      0.00      0.00      0.00      0.00      0.00      0.00      0.00
08:00:07 AM        lo      0.00      0.00      0.00      0.00      0.00      0.00      0.00
08:00:07 AM   docker0      0.00      0.00      0.00      0.00      0.00      0.00      0.00

Average:        IFACE   rxpck/s   txpck/s    rxkB/s    txkB/s   rxcmp/s   txcmp/s  rxmcst/s
Average:         eth0      0.00      0.00      0.00      0.00      0.00      0.00      0.00
Average:           lo      0.00      0.00      0.00      0.00      0.00      0.00      0.00
Average:      docker0      0.00      0.00      0.00      0.00      0.00      0.00      0.00

[36m##############TOMCAT的进程号:##############[0m
 结束时间:2021-01-08 08:00:07

