############################################################################################
### 开始时间:2021-01-06 16:00:01 ###
############################################################################################

[36m************CPU信息*************[0m
top - 16:00:01 up 8 days,  3:27,  1 user,  load average: 0.01, 0.03, 0.05
Tasks:  93 total,   2 running,  91 sleeping,   0 stopped,   0 zombie
%Cpu(s):  6.2 us,  0.0 sy,  0.0 ni, 93.8 id,  0.0 wa,  0.0 hi,  0.0 si,  0.0 st
KiB Mem :  1882232 total,   405200 free,   597080 used,   879952 buff/cache
KiB Swap:        0 total,        0 free,        0 used.  1114436 avail Mem 

  PID USER      PR  NI    VIRT    RES    SHR S %CPU %MEM     TIME+ COMMAND
15970 root      20   0 1282328  43200   9484 S  6.7  2.3   0:32.32 node
    1 root      20   0  125456   3028   1660 S  0.0  0.2   0:27.79 systemd
    2 root      20   0       0      0      0 S  0.0  0.0   0:00.00 kthreadd
    3 root      20   0       0      0      0 S  0.0  0.0   0:20.45 ksoftirqd/0
    5 root       0 -20       0      0      0 S  0.0  0.0   0:00.00 kworker/0:0H
    7 root      rt   0       0      0      0 S  0.0  0.0   0:00.00 migration/0
    8 root      20   0       0      0      0 S  0.0  0.0   0:00.00 rcu_bh
    9 root      20   0       0      0      0 R  0.0  0.0   1:12.34 rcu_sched
   10 root       0 -20       0      0      0 S  0.0  0.0   0:00.00 lru-add-dra+
   11 root      rt   0       0      0      0 S  0.0  0.0   0:03.39 watchdog/0
   13 root      20   0       0      0      0 S  0.0  0.0   0:00.00 kdevtmpfs
   14 root       0 -20       0      0      0 S  0.0  0.0   0:00.00 netns
   15 root      20   0       0      0      0 S  0.0  0.0   0:00.23 khungtaskd
   16 root       0 -20       0      0      0 S  0.0  0.0   0:00.00 writeback
   17 root       0 -20       0      0      0 S  0.0  0.0   0:00.00 kintegrityd
   18 root       0 -20       0      0      0 S  0.0  0.0   0:00.00 bioset
   19 root       0 -20       0      0      0 S  0.0  0.0   0:00.00 bioset
   20 root       0 -20       0      0      0 S  0.0  0.0   0:00.00 bioset
   21 root       0 -20       0      0      0 S  0.0  0.0   0:00.00 kblockd
   22 root       0 -20       0      0      0 S  0.0  0.0   0:00.00 md
   23 root       0 -20       0      0      0 S  0.0  0.0   0:00.00 edac-poller
   24 root       0 -20       0      0      0 S  0.0  0.0   0:00.00 watchdogd
   30 root      20   0       0      0      0 S  0.0  0.0   0:03.96 kswapd0

[36m************CPU占用TOP 10进程*************[0m
用户     进程ID  %CPU  命令
root     30648   0.9   /root/.vscode-server/bin/ea3859d4ba2f3e577a159bc91e3074c5d85c0523/node
root     932     0.8   /usr/local/aegis/aegis_client/aegis_10_89/AliYunDun
root     15970   0.1   /root/.vscode-server/bin/ea3859d4ba2f3e577a159bc91e3074c5d85c0523/node
root     581     0.1   CmsGoAgent-Worker
chrony   22119   0.0   /usr/sbin/chronyd
dbus     516     0.0   /usr/bin/dbus-daemon
mysql    30306   0.0   /usr/local/mysql/bin/mysqld
polkitd  22298   0.0   /usr/lib/polkit-1/polkitd
root     10      0.0   [lru-add-drain]
root     1       0.0   /usr/lib/systemd/systemd

[36m************内存占用TOP 10进程*************[0m
用户   进程ID  %MEM  虚拟内存  常驻内存  命令
mysql  30306   8.6   1142604   163464    /usr/local/mysql/bin/mysqld
root   30648   5.0   940516    95352     /root/.vscode-server/bin/ea3859d4ba2f3e577a159bc91e3074c5d85c0523/node
root   27420   2.3   659156    44448     /usr/bin/dockerd
root   15970   2.2   1282328   43252     /root/.vscode-server/bin/ea3859d4ba2f3e577a159bc91e3074c5d85c0523/node
root   932     1.7   158788    33836     /usr/local/aegis/aegis_client/aegis_10_89/AliYunDun
root   29310   1.3   616612    24492     /root/.vscode-server/bin/ea3859d4ba2f3e577a159bc91e3074c5d85c0523/node
root   30203   1.3   616868    24840     /root/.vscode-server/bin/ea3859d4ba2f3e577a159bc91e3074c5d85c0523/node
root   29929   1.2   616832    24136     /root/.vscode-server/bin/ea3859d4ba2f3e577a159bc91e3074c5d85c0523/node
root   27409   1.1   576864    21432     /usr/bin/containerd
root   30659   1.0   800004    19240     /root/.vscode-server/bin/ea3859d4ba2f3e577a159bc91e3074c5d85c0523/node

[36m##############内存信息:##############[0m
              total        used        free      shared  buff/cache   available
Mem:           1838         581         397           0         859        1089
Swap:             0           0           0

[36m##############TCP连结数:##############[0m
TCP数量: 4
UDP数量: 2

[36m##############查看挂载点##############[0m
Filesystem      Size  Used Avail Use% Mounted on
devtmpfs        909M     0  909M   0% /dev
tmpfs           920M     0  920M   0% /dev/shm
tmpfs           920M  640K  919M   1% /run
tmpfs           920M     0  920M   0% /sys/fs/cgroup
/dev/vda1        40G  9.1G   29G  25% /
tmpfs           184M     0  184M   0% /run/user/0

[36m##############读取磁盘IO信息:##############[0m
procs -----------memory---------- ---swap-- -----io---- -system-- ------cpu-----
 r  b   swpd   free  inact active   si   so    bi    bo   in   cs us sy id wa st
 5  0      0    415    362    982    0    0     6    20   18   12  1  1 98  0  0
 0  0      0    413    362    984    0    0     0     0  391  801  4  2 94  0  0

[36m##############读取网卡流量信息:##############[0m
Linux 3.10.0-957.21.3.el7.x86_64 (aliyun) 	01/06/2021 	_x86_64_	(1 CPU)

04:00:06 PM     IFACE   rxpck/s   txpck/s    rxkB/s    txkB/s   rxcmp/s   txcmp/s  rxmcst/s
04:00:07 PM      eth0      0.00      0.00      0.00      0.00      0.00      0.00      0.00
04:00:07 PM        lo      0.00      0.00      0.00      0.00      0.00      0.00      0.00
04:00:07 PM   docker0      0.00      0.00      0.00      0.00      0.00      0.00      0.00

Average:        IFACE   rxpck/s   txpck/s    rxkB/s    txkB/s   rxcmp/s   txcmp/s  rxmcst/s
Average:         eth0      0.00      0.00      0.00      0.00      0.00      0.00      0.00
Average:           lo      0.00      0.00      0.00      0.00      0.00      0.00      0.00
Average:      docker0      0.00      0.00      0.00      0.00      0.00      0.00      0.00

[36m##############TOMCAT的进程号:##############[0m
 结束时间:2021-01-06 16:00:07

