############################################################################################
### 开始时间:2021-01-06 14:51:25 ###
############################################################################################

[36m************CPU信息*************[0m
top - 14:51:25 up 8 days,  2:18,  2 users,  load average: 0.35, 1.24, 0.84
Tasks: 103 total,   1 running, 102 sleeping,   0 stopped,   0 zombie
%Cpu(s):  6.2 us,  0.0 sy,  0.0 ni, 93.8 id,  0.0 wa,  0.0 hi,  0.0 si,  0.0 st
KiB Mem :  1882232 total,   320956 free,   696184 used,   865092 buff/cache
KiB Swap:        0 total,        0 free,        0 used.  1016292 avail Mem 

  PID USER      PR  NI    VIRT    RES    SHR S %CPU %MEM     TIME+ COMMAND
    1 root      20   0  125456   3176   1808 S  0.0  0.2   0:27.19 systemd
    2 root      20   0       0      0      0 S  0.0  0.0   0:00.00 kthreadd
    3 root      20   0       0      0      0 S  0.0  0.0   0:20.13 ksoftirqd/0
    5 root       0 -20       0      0      0 S  0.0  0.0   0:00.00 kworker/0:0H
    7 root      rt   0       0      0      0 S  0.0  0.0   0:00.00 migration/0
    8 root      20   0       0      0      0 S  0.0  0.0   0:00.00 rcu_bh
    9 root      20   0       0      0      0 S  0.0  0.0   1:11.24 rcu_sched
   10 root       0 -20       0      0      0 S  0.0  0.0   0:00.00 lru-add-drain
   11 root      rt   0       0      0      0 S  0.0  0.0   0:03.37 watchdog/0
   13 root      20   0       0      0      0 S  0.0  0.0   0:00.00 kdevtmpfs
   14 root       0 -20       0      0      0 S  0.0  0.0   0:00.00 netns
   15 root      20   0       0      0      0 S  0.0  0.0   0:00.23 khungtaskd
   16 root       0 -20       0      0      0 S  0.0  0.0   0:00.00 writeback
   17 root       0 -20       0      0      0 S  0.0  0.0   0:00.00 kintegrityd
   18 root       0 -20       0      0      0 S  0.0  0.0   0:00.00 bioset
   19 root       0 -20       0      0      0 S  0.0  0.0   0:00.00 bioset
   20 root       0 -20       0      0      0 S  0.0  0.0   0:00.00 bioset
   21 root       0 -20       0      0      0 S  0.0  0.0   0:00.00 kblockd
   22 root       0 -20       0      0      0 S  0.0  0.0   0:00.00 md
   23 root       0 -20       0      0      0 S  0.0  0.0   0:00.00 edac-poller
   24 root       0 -20       0      0      0 S  0.0  0.0   0:00.00 watchdogd
   30 root      20   0       0      0      0 S  0.0  0.0   0:03.54 kswapd0
   31 root      25   5       0      0      0 S  0.0  0.0   0:00.00 ksmd

[36m************CPU占用TOP 10进程*************[0m
用户     进程ID  %CPU  命令
root     30648   1.0   /root/.vscode-server/bin/ea3859d4ba2f3e577a159bc91e3074c5d85c0523/node
root     31213   0.9   /root/.vscode-server/bin/ea3859d4ba2f3e577a159bc91e3074c5d85c0523/node
root     932     0.8   /usr/local/aegis/aegis_client/aegis_10_89/AliYunDun
root     15970   0.1   /root/.vscode-server/bin/ea3859d4ba2f3e577a159bc91e3074c5d85c0523/node
root     581     0.1   CmsGoAgent-Worker
chrony   22119   0.0   /usr/sbin/chronyd
dbus     516     0.0   /usr/bin/dbus-daemon
mysql    30306   0.0   /usr/local/mysql/bin/mysqld
polkitd  22298   0.0   /usr/lib/polkit-1/polkitd
root     10      0.0   [lru-add-drain]

[36m************内存占用TOP 10进程*************[0m
用户   进程ID  %MEM  虚拟内存  常驻内存  命令
mysql  30306   8.7   1142604   163772    /usr/local/mysql/bin/mysqld
root   30648   5.3   939492    101448    /root/.vscode-server/bin/ea3859d4ba2f3e577a159bc91e3074c5d85c0523/node
root   31213   4.6   930456    87128     /root/.vscode-server/bin/ea3859d4ba2f3e577a159bc91e3074c5d85c0523/node
root   15970   3.0   1290232   58128     /root/.vscode-server/bin/ea3859d4ba2f3e577a159bc91e3074c5d85c0523/node
root   27420   2.3   659156    44476     /usr/bin/dockerd
root   932     1.8   158092    34160     /usr/local/aegis/aegis_client/aegis_10_89/AliYunDun
root   29310   1.5   616612    28420     /root/.vscode-server/bin/ea3859d4ba2f3e577a159bc91e3074c5d85c0523/node
root   29929   1.5   616576    28308     /root/.vscode-server/bin/ea3859d4ba2f3e577a159bc91e3074c5d85c0523/node
root   30203   1.5   616612    28448     /root/.vscode-server/bin/ea3859d4ba2f3e577a159bc91e3074c5d85c0523/node
root   30659   1.2   799748    23196     /root/.vscode-server/bin/ea3859d4ba2f3e577a159bc91e3074c5d85c0523/node

[36m##############内存信息:##############[0m
              total        used        free      shared  buff/cache   available
Mem:           1838         679         308           0         849         992
Swap:             0           0           0

[36m##############TCP连结数:##############[0m
TCP数量: 6
UDP数量: 2

[36m##############查看挂载点##############[0m
Filesystem      Size  Used Avail Use% Mounted on
devtmpfs        909M     0  909M   0% /dev
tmpfs           920M     0  920M   0% /dev/shm
tmpfs           920M  736K  919M   1% /run
tmpfs           920M     0  920M   0% /sys/fs/cgroup
/dev/vda1        40G  9.1G   29G  25% /
tmpfs           184M     0  184M   0% /run/user/0

[36m##############读取磁盘IO信息:##############[0m
procs -----------memory---------- ---swap-- -----io---- -system-- ------cpu-----
 r  b   swpd   free  inact active   si   so    bi    bo   in   cs us sy id wa st
 7  0      0    323    328   1104    0    0     6    19   14    4  1  1 99  0  0
 0  0      0    323    328   1104    0    0     0     0 1279 2576  5  2 93  0  0

[36m##############读取网卡流量信息:##############[0m
Linux 3.10.0-957.21.3.el7.x86_64 (aliyun) 	01/06/2021 	_x86_64_	(1 CPU)

02:51:26 PM     IFACE   rxpck/s   txpck/s    rxkB/s    txkB/s   rxcmp/s   txcmp/s  rxmcst/s
02:51:27 PM      eth0      5.05      6.06      1.14      1.65      0.00      0.00      0.00
02:51:27 PM        lo     12.12     12.12      1.78      1.78      0.00      0.00      0.00
02:51:27 PM   docker0      0.00      0.00      0.00      0.00      0.00      0.00      0.00

Average:        IFACE   rxpck/s   txpck/s    rxkB/s    txkB/s   rxcmp/s   txcmp/s  rxmcst/s
Average:         eth0      5.05      6.06      1.14      1.65      0.00      0.00      0.00
Average:           lo     12.12     12.12      1.78      1.78      0.00      0.00      0.00
Average:      docker0      0.00      0.00      0.00      0.00      0.00      0.00      0.00

[36m##############TOMCAT的进程号:##############[0m
 结束时间:2021-01-06 14:51:27

修改成功
