############################################################################################
### 开始时间:2021-01-06 15:23:10 ###
############################################################################################

[36m************CPU信息*************[0m
top - 15:23:10 up 8 days,  2:50,  2 users,  load average: 0.02, 0.08, 0.40
Tasks: 100 total,   2 running,  94 sleeping,   4 stopped,   0 zombie
%Cpu(s):  5.9 us,  5.9 sy,  0.0 ni, 88.2 id,  0.0 wa,  0.0 hi,  0.0 si,  0.0 st
KiB Mem :  1882232 total,   433636 free,   602804 used,   845792 buff/cache
KiB Swap:        0 total,        0 free,        0 used.  1110008 avail Mem 

  PID USER      PR  NI    VIRT    RES    SHR S %CPU %MEM     TIME+ COMMAND
    1 root      20   0  125456   3028   1660 S  0.0  0.2   0:27.46 systemd
    2 root      20   0       0      0      0 S  0.0  0.0   0:00.00 kthreadd
    3 root      20   0       0      0      0 S  0.0  0.0   0:20.30 ksoftirqd/0
    5 root       0 -20       0      0      0 S  0.0  0.0   0:00.00 kworker/0:0H
    7 root      rt   0       0      0      0 S  0.0  0.0   0:00.00 migration/0
    8 root      20   0       0      0      0 S  0.0  0.0   0:00.00 rcu_bh
    9 root      20   0       0      0      0 R  0.0  0.0   1:11.84 rcu_sched
   10 root       0 -20       0      0      0 S  0.0  0.0   0:00.00 lru-add-drain
   11 root      rt   0       0      0      0 S  0.0  0.0   0:03.38 watchdog/0
   13 root      20   0       0      0      0 S  0.0  0.0   0:00.00 kdevtmpfs
   14 root       0 -20       0      0      0 S  0.0  0.0   0:00.00 netns
   15 root      20   0       0      0      0 S  0.0  0.0   0:00.23 khungtaskd
   16 root       0 -20       0      0      0 S  0.0  0.0   0:00.00 writeback
   17 root       0 -20       0      0      0 S  0.0  0.0   0:00.00 kintegrityd
   18 root       0 -20       0      0      0 S  0.0  0.0   0:00.00 bioset
   19 root       0 -20       0      0      0 S  0.0  0.0   0:00.00 bioset
   20 root       0 -20       0      0      0 S  0.0  0.0   0:00.00 bioset
   21 root       0 -20       0      0      0 S  0.0  0.0   0:00.00 kblockd
   22 root       0 -20       0      0      0 S  0.0  0.0   0:00.00 md
   23 root       0 -20       0      0      0 S  0.0  0.0   0:00.00 edac-poller
   24 root       0 -20       0      0      0 S  0.0  0.0   0:00.00 watchdogd
   30 root      20   0       0      0      0 S  0.0  0.0   0:03.96 kswapd0
   31 root      25   5       0      0      0 S  0.0  0.0   0:00.00 ksmd

[36m************CPU占用TOP 10进程*************[0m
用户     进程ID  %CPU  命令
root     30648   0.9   /root/.vscode-server/bin/ea3859d4ba2f3e577a159bc91e3074c5d85c0523/node
root     932     0.8   /usr/local/aegis/aegis_client/aegis_10_89/AliYunDun
root     15970   0.1   /root/.vscode-server/bin/ea3859d4ba2f3e577a159bc91e3074c5d85c0523/node
root     581     0.1   CmsGoAgent-Worker
chrony   22119   0.0   /usr/sbin/chronyd
dbus     516     0.0   /usr/bin/dbus-daemon
mysql    30306   0.0   /usr/local/mysql/bin/mysqld
polkitd  22298   0.0   /usr/lib/polkit-1/polkitd
root     10      0.0   [lru-add-drain]
root     1       0.0   /usr/lib/systemd/systemd

[36m************内存占用TOP 10进程*************[0m
用户   进程ID  %MEM  虚拟内存  常驻内存  命令
mysql  30306   8.6   1142604   163464    /usr/local/mysql/bin/mysqld
root   30648   5.0   940516    95344     /root/.vscode-server/bin/ea3859d4ba2f3e577a159bc91e3074c5d85c0523/node
root   27420   2.3   659156    44448     /usr/bin/dockerd
root   15970   2.2   1282328   42592     /root/.vscode-server/bin/ea3859d4ba2f3e577a159bc91e3074c5d85c0523/node
root   932     1.7   159716    33516     /usr/local/aegis/aegis_client/aegis_10_89/AliYunDun
root   30203   1.3   616612    24656     /root/.vscode-server/bin/ea3859d4ba2f3e577a159bc91e3074c5d85c0523/node
root   29310   1.2   616612    23708     /root/.vscode-server/bin/ea3859d4ba2f3e577a159bc91e3074c5d85c0523/node
root   29929   1.2   616576    24248     /root/.vscode-server/bin/ea3859d4ba2f3e577a159bc91e3074c5d85c0523/node
root   27409   1.1   576864    21432     /usr/bin/containerd
root   581     1.0   678660    20592     CmsGoAgent-Worker

[36m##############内存信息:##############[0m
              total        used        free      shared  buff/cache   available
Mem:           1838         588         423           0         825        1083
Swap:             0           0           0

[36m##############TCP连结数:##############[0m
TCP数量: 6
UDP数量: 2

[36m##############查看挂载点##############[0m
Filesystem      Size  Used Avail Use% Mounted on
devtmpfs        909M     0  909M   0% /dev
tmpfs           920M     0  920M   0% /dev/shm
tmpfs           920M  672K  919M   1% /run
tmpfs           920M     0  920M   0% /sys/fs/cgroup
/dev/vda1        40G  9.1G   29G  25% /
tmpfs           184M     0  184M   0% /run/user/0

[36m##############读取磁盘IO信息:##############[0m
procs -----------memory---------- ---swap-- -----io---- -system-- ------cpu-----
 r  b   swpd   free  inact active   si   so    bi    bo   in   cs us sy id wa st
 6  0      0    442    338    980    0    0     6    21   17   10  1  1 99  0  0
 1  0      0    441    338    980    0    0     0    40 1274 2562  2  3 95  0  0

[36m##############读取网卡流量信息:##############[0m
Linux 3.10.0-957.21.3.el7.x86_64 (aliyun) 	01/06/2021 	_x86_64_	(1 CPU)

03:23:14 PM     IFACE   rxpck/s   txpck/s    rxkB/s    txkB/s   rxcmp/s   txcmp/s  rxmcst/s
03:23:15 PM      eth0      1.01      3.03      0.06      6.34      0.00      0.00      0.00
03:23:15 PM        lo      0.00      0.00      0.00      0.00      0.00      0.00      0.00
03:23:15 PM   docker0      0.00      0.00      0.00      0.00      0.00      0.00      0.00

Average:        IFACE   rxpck/s   txpck/s    rxkB/s    txkB/s   rxcmp/s   txcmp/s  rxmcst/s
Average:         eth0      1.01      3.03      0.06      6.34      0.00      0.00      0.00
Average:           lo      0.00      0.00      0.00      0.00      0.00      0.00      0.00
Average:      docker0      0.00      0.00      0.00      0.00      0.00      0.00      0.00

[36m##############TOMCAT的进程号:##############[0m
 结束时间:2021-01-06 15:23:15

