############################################################################################
### 开始时间:2021-01-07 01:00:01 ###
############################################################################################

[36m************CPU信息*************[0m
top - 01:00:02 up 8 days, 12:27,  0 users,  load average: 0.02, 0.03, 0.05
Tasks:  75 total,   1 running,  74 sleeping,   0 stopped,   0 zombie
%Cpu(s):  6.2 us,  6.2 sy,  0.0 ni, 87.5 id,  0.0 wa,  0.0 hi,  0.0 si,  0.0 st
KiB Mem :  1882232 total,   464488 free,   373208 used,  1044536 buff/cache
KiB Swap:        0 total,        0 free,        0 used.  1337960 avail Mem 

  PID USER      PR  NI    VIRT    RES    SHR S %CPU %MEM     TIME+ COMMAND
    1 root      20   0  125456   3028   1660 S  0.0  0.2   0:32.68 systemd
    2 root      20   0       0      0      0 S  0.0  0.0   0:00.00 kthreadd
    3 root      20   0       0      0      0 S  0.0  0.0   0:21.37 ksoftirqd/0
    5 root       0 -20       0      0      0 S  0.0  0.0   0:00.00 kworker/0:0H
    7 root      rt   0       0      0      0 S  0.0  0.0   0:00.00 migration/0
    8 root      20   0       0      0      0 S  0.0  0.0   0:00.00 rcu_bh
    9 root      20   0       0      0      0 S  0.0  0.0   1:16.49 rcu_sched
   10 root       0 -20       0      0      0 S  0.0  0.0   0:00.00 lru-add-dra+
   11 root      rt   0       0      0      0 S  0.0  0.0   0:03.54 watchdog/0
   13 root      20   0       0      0      0 S  0.0  0.0   0:00.00 kdevtmpfs
   14 root       0 -20       0      0      0 S  0.0  0.0   0:00.00 netns
   15 root      20   0       0      0      0 S  0.0  0.0   0:00.24 khungtaskd
   16 root       0 -20       0      0      0 S  0.0  0.0   0:00.00 writeback
   17 root       0 -20       0      0      0 S  0.0  0.0   0:00.00 kintegrityd
   18 root       0 -20       0      0      0 S  0.0  0.0   0:00.00 bioset
   19 root       0 -20       0      0      0 S  0.0  0.0   0:00.00 bioset
   20 root       0 -20       0      0      0 S  0.0  0.0   0:00.00 bioset
   21 root       0 -20       0      0      0 S  0.0  0.0   0:00.00 kblockd
   22 root       0 -20       0      0      0 S  0.0  0.0   0:00.00 md
   23 root       0 -20       0      0      0 S  0.0  0.0   0:00.00 edac-poller
   24 root       0 -20       0      0      0 S  0.0  0.0   0:00.00 watchdogd
   30 root      20   0       0      0      0 S  0.0  0.0   0:04.06 kswapd0
   31 root      25   5       0      0      0 S  0.0  0.0   0:00.00 ksmd

[36m************CPU占用TOP 10进程*************[0m
用户     进程ID  %CPU  命令
root     932     0.8   /usr/local/aegis/aegis_client/aegis_10_89/AliYunDun
root     581     0.1   CmsGoAgent-Worker
chrony   22119   0.0   /usr/sbin/chronyd
dbus     516     0.0   /usr/bin/dbus-daemon
mysql    30306   0.0   /usr/local/mysql/bin/mysqld
polkitd  22298   0.0   /usr/lib/polkit-1/polkitd
root     10      0.0   [lru-add-drain]
root     1       0.0   /usr/lib/systemd/systemd
root     11      0.0   [watchdog/0]
root     12433   0.0   /bin/sh

[36m************内存占用TOP 10进程*************[0m
用户     进程ID  %MEM  虚拟内存  常驻内存  命令
mysql    30306   8.6   1142604   163464    /usr/local/mysql/bin/mysqld
root     27420   2.3   659156    44448     /usr/bin/dockerd
root     932     1.8   158788    34044     /usr/local/aegis/aegis_client/aegis_10_89/AliYunDun
root     27409   1.1   576864    21432     /usr/bin/containerd
root     581     1.0   678660    20480     CmsGoAgent-Worker
root     22313   0.6   574284    12920     /usr/bin/python2
root     512     0.4   291668    8792      /usr/local/cloudmonitor/CmsGoAgent.linux-amd64
root     351     0.3   71904     6344      /usr/lib/systemd/systemd-journald
polkitd  22298   0.2   612336    5112      /usr/lib/polkit-1/polkitd
root     1       0.1   125456    3028      /usr/lib/systemd/systemd

[36m##############内存信息:##############[0m
              total        used        free      shared  buff/cache   available
Mem:           1838         363         454           0        1020        1307
Swap:             0           0           0

[36m##############TCP连结数:##############[0m
TCP数量: 2
UDP数量: 2

[36m##############查看挂载点##############[0m
Filesystem      Size  Used Avail Use% Mounted on
devtmpfs        909M     0  909M   0% /dev
tmpfs           920M     0  920M   0% /dev/shm
tmpfs           920M  480K  919M   1% /run
tmpfs           920M     0  920M   0% /sys/fs/cgroup
/dev/vda1        40G  9.0G   29G  25% /
tmpfs           184M     0  184M   0% /run/user/0

[36m##############读取磁盘IO信息:##############[0m
procs -----------memory---------- ---swap-- -----io---- -system-- ------cpu-----
 r  b   swpd   free  inact active   si   so    bi    bo   in   cs us sy id wa st
 5  0      0    476    376    924    0    0     6    21   32   45  1  1 98  0  0
 0  0      0    476    376    924    0    0     0     0  302  679  1  0 99  0  0

[36m##############读取网卡流量信息:##############[0m
Linux 3.10.0-957.21.3.el7.x86_64 (aliyun) 	01/07/2021 	_x86_64_	(1 CPU)

01:00:06 AM     IFACE   rxpck/s   txpck/s    rxkB/s    txkB/s   rxcmp/s   txcmp/s  rxmcst/s
01:00:07 AM      eth0      0.00      0.00      0.00      0.00      0.00      0.00      0.00
01:00:07 AM        lo      0.00      0.00      0.00      0.00      0.00      0.00      0.00
01:00:07 AM   docker0      0.00      0.00      0.00      0.00      0.00      0.00      0.00

Average:        IFACE   rxpck/s   txpck/s    rxkB/s    txkB/s   rxcmp/s   txcmp/s  rxmcst/s
Average:         eth0      0.00      0.00      0.00      0.00      0.00      0.00      0.00
Average:           lo      0.00      0.00      0.00      0.00      0.00      0.00      0.00
Average:      docker0      0.00      0.00      0.00      0.00      0.00      0.00      0.00

[36m##############TOMCAT的进程号:##############[0m
 结束时间:2021-01-07 01:00:07

